(04/10/2018 10:09:37) Warning [Stmgr] "HSM channel 1 detected J29 external event active."
(04/10/2018 10:09:38) Warning [Stmgr] "Program Stop Interlock 1 -- External Hardware Interlock."
(04/10/2018 10:09:39) Warning [Stmgr] "HSM channel 1 detected J29 external event active."
(04/10/2018 10:09:39) Warning [Stmgr] "Program Stop Interlock 1 -- External Hardware Interlock."
(04/10/2018 10:09:49) Warning [Stmgr] "HSM channel 1 detected J29 external event active."
(04/10/2018 10:09:49) Warning [Stmgr] "Program Stop Interlock 1 -- External Hardware Interlock."
(04/10/2018 10:09:59) Warning [Stmgr] "HSM channel 1 detected J29 external event active."
(04/10/2018 10:09:59) Warning [Stmgr] "Program Stop Interlock 1 -- External Hardware Interlock."
(04/10/2018 10:10:00) Warning [Stmgr] "HSM channel 1 detected J29 external event active."
(04/10/2018 10:10:00) Warning [Stmgr] "Program Stop Interlock 1 -- External Hardware Interlock."
(04/10/2018 10:10:10) Warning [Stmgr] "HSM channel 1 detected J29 external event active."
(04/10/2018 10:10:10) Warning [Stmgr] "Program Stop Interlock 1 -- External Hardware Interlock."
(04/10/2018 10:10:21) Warning [Stmgr] "HSM channel 1 detected J29 external event active."
(04/10/2018 10:10:21) Warning [Stmgr] "Program Stop Interlock 1 -- External Hardware Interlock."
(04/10/2018 10:10:22) Warning [Stmgr] "HSM channel 1 detected J29 external event active."
(04/10/2018 10:10:23) Warning [Stmgr] "HSM channel 1 detected J29 external event active."
(04/10/2018 10:10:23) Warning [Stmgr] "Program Stop Interlock 1 -- External Hardware Interlock."
(04/10/2018 10:10:33) Warning [Stmgr] "HSM channel 1 detected J29 external event active."
(04/10/2018 10:10:33) Warning [Stmgr] "Program Stop Interlock 1 -- External Hardware Interlock."
(04/10/2018 10:10:34) Warning [Stmgr] "HSM channel 1 detected J29 external event active."
(04/10/2018 10:10:34) Warning [Stmgr] "Program Stop Interlock 1 -- External Hardware Interlock."
(04/10/2018 10:10:35) Warning [Stmgr] "HSM channel 1 detected J29 external event active."
(04/10/2018 10:10:35) Warning [Stmgr] "Program Stop Interlock 1 -- External Hardware Interlock."
(04/10/2018 10:10:45) Warning [Stmgr] "HSM channel 1 detected J29 external event active."
(04/10/2018 10:10:45) Warning [Stmgr] "Program Stop Interlock 1 -- External Hardware Interlock."
(04/10/2018 10:11:06) Information [MPT Runtime] "Procedure Beginning: DSDLab.000"
(04/10/2018 10:11:06) Information [MPT Runtime] "Running"
(04/10/2018 10:12:33) Information [MPT Runtime] "Entering Stopped"
(04/10/2018 10:12:33) Information [MPT Runtime] "Stopped
 Running Time:  00:01:27 
 Channel Counters:
    Axial -          8  Cycles"
